# JRE version: Java(TM) SE Runtime Environment (18.0.1.1+2) (build 18.0.1.1+2-6)
# Java VM: Java HotSpot(TM) 64-Bit Server VM (18.0.1.1+2-6, mixed mode, sharing, tiered, compressed oops, compressed class ptrs, g1 gc, windows-amd64)
GC Precious Log:
 CardTable entry size: 512
 Card Set container configuration: InlinePtr #cards 5 size 8 Array Of Cards #cards 12 size 40 Howl #buckets 4 coarsen threshold 1843 Howl Bitmap #cards 512 size 80 coarsen threshold 460 Card regions per heap region 1 cards per card region 2048
 CPUs: 8 total, 8 available
 Memory: 7890M
 Large Page Support: Disabled
 NUMA Support: Disabled
 Compressed Oops: Enabled (32-bit)
 Heap Region Size: 1M
 Heap Min Capacity: 8M
 Heap Initial Capacity: 124M
 Heap Max Capacity: 1974M
 Pre-touch: Disabled
 Parallel Workers: 8
 Concurrent Workers: 2
 Concurrent Refinement Workers: 8
 Periodic GC: Disabled
Heap:
 garbage-first heap   total 65536K, used 44086K [0x0000000084a00000, 0x0000000100000000)
  region size 1024K, 11 young (11264K), 2 survivors (2048K)
 Metaspace       used 81330K, committed 82048K, reserved 1179648K
  class space    used 10945K, committed 11328K, reserved 1048576K
GC Heap History (20 events):
Event: 14.047 GC heap before
{Heap before GC invocations=15 (full 0):
 garbage-first heap   total 55296K, used 28235K [0x0000000084a00000, 0x0000000100000000)
  region size 1024K, 5 young (5120K), 2 survivors (2048K)
 Metaspace       used 59835K, committed 60416K, reserved 1114112K
  class space    used 7836K, committed 8128K, reserved 1048576K
}
Event: 14.050 GC heap after
{Heap after GC invocations=16 (full 0):
 garbage-first heap   total 55296K, used 26226K [0x0000000084a00000, 0x0000000100000000)
  region size 1024K, 2 young (2048K), 2 survivors (2048K)
 Metaspace       used 59835K, committed 60416K, reserved 1114112K
  class space    used 7836K, committed 8128K, reserved 1048576K
}
Event: 14.819 GC heap before
{Heap before GC invocations=17 (full 0):
 garbage-first heap   total 55296K, used 43634K [0x0000000084a00000, 0x0000000100000000)
  region size 1024K, 20 young (20480K), 2 survivors (2048K)
 Metaspace       used 63256K, committed 63872K, reserved 1114112K
  class space    used 8337K, committed 8640K, reserved 1048576K
}
Event: 14.826 GC heap after
{Heap after GC invocations=18 (full 0):
 garbage-first heap   total 55296K, used 27857K [0x0000000084a00000, 0x0000000100000000)
  region size 1024K, 3 young (3072K), 3 survivors (3072K)
 Metaspace       used 63256K, committed 63872K, reserved 1114112K
  class space    used 8337K, committed 8640K, reserved 1048576K
}
Event: 15.332 GC heap before
{Heap before GC invocations=18 (full 0):
 garbage-first heap   total 55296K, used 43217K [0x0000000084a00000, 0x0000000100000000)
  region size 1024K, 19 young (19456K), 3 survivors (3072K)
 Metaspace       used 65616K, committed 66240K, reserved 1114112K
  class space    used 8727K, committed 9024K, reserved 1048576K
}
Event: 15.339 GC heap after
{Heap after GC invocations=19 (full 0):
 garbage-first heap   total 55296K, used 29129K [0x0000000084a00000, 0x0000000100000000)
  region size 1024K, 2 young (2048K), 2 survivors (2048K)
 Metaspace       used 65616K, committed 66240K, reserved 1114112K
  class space    used 8727K, committed 9024K, reserved 1048576K
}
Event: 15.775 GC heap before
{Heap before GC invocations=20 (full 0):
 garbage-first heap   total 55296K, used 43465K [0x0000000084a00000, 0x0000000100000000)
  region size 1024K, 17 young (17408K), 2 survivors (2048K)
 Metaspace       used 67715K, committed 68352K, reserved 1114112K
  class space    used 9141K, committed 9472K, reserved 1048576K
}
Event: 15.778 GC heap after
{Heap after GC invocations=21 (full 0):
 garbage-first heap   total 55296K, used 30214K [0x0000000084a00000, 0x0000000100000000)
  region size 1024K, 3 young (3072K), 3 survivors (3072K)
 Metaspace       used 67715K, committed 68352K, reserved 1114112K
  class space    used 9141K, committed 9472K, reserved 1048576K
}
Event: 16.087 GC heap before
{Heap before GC invocations=21 (full 0):
 garbage-first heap   total 55296K, used 43526K [0x0000000084a00000, 0x0000000100000000)
  region size 1024K, 16 young (16384K), 3 survivors (3072K)
 Metaspace       used 69100K, committed 69760K, reserved 1114112K
  class space    used 9357K, committed 9664K, reserved 1048576K
}
Event: 16.091 GC heap after
{Heap after GC invocations=22 (full 0):
 garbage-first heap   total 55296K, used 30975K [0x0000000084a00000, 0x0000000100000000)
  region size 1024K, 1 young (1024K), 1 survivors (1024K)
 Metaspace       used 69100K, committed 69760K, reserved 1114112K
  class space    used 9357K, committed 9664K, reserved 1048576K
}
Event: 16.507 GC heap before
{Heap before GC invocations=23 (full 0):
 garbage-first heap   total 58368K, used 45311K [0x0000000084a00000, 0x0000000100000000)
  region size 1024K, 15 young (15360K), 1 survivors (1024K)
 Metaspace       used 70350K, committed 71040K, reserved 1114112K
  class space    used 9509K, committed 9856K, reserved 1048576K
}
Event: 16.511 GC heap after
{Heap after GC invocations=24 (full 0):
 garbage-first heap   total 58368K, used 31864K [0x0000000084a00000, 0x0000000100000000)
  region size 1024K, 2 young (2048K), 2 survivors (2048K)
 Metaspace       used 70350K, committed 71040K, reserved 1114112K
  class space    used 9509K, committed 9856K, reserved 1048576K
}
Event: 17.130 GC heap before
{Heap before GC invocations=24 (full 0):
 garbage-first heap   total 58368K, used 47224K [0x0000000084a00000, 0x0000000100000000)
  region size 1024K, 17 young (17408K), 2 survivors (2048K)
 Metaspace       used 72698K, committed 73408K, reserved 1114112K
  class space    used 9829K, committed 10176K, reserved 1048576K
}
Event: 17.135 GC heap after
{Heap after GC invocations=25 (full 0):
 garbage-first heap   total 58368K, used 33337K [0x0000000084a00000, 0x0000000100000000)
  region size 1024K, 3 young (3072K), 3 survivors (3072K)
 Metaspace       used 72698K, committed 73408K, reserved 1114112K
  class space    used 9829K, committed 10176K, reserved 1048576K
}
Event: 17.787 GC heap before
{Heap before GC invocations=26 (full 0):
 garbage-first heap   total 61440K, used 46649K [0x0000000084a00000, 0x0000000100000000)
  region size 1024K, 16 young (16384K), 3 survivors (3072K)
 Metaspace       used 74626K, committed 75328K, reserved 1179648K
  class space    used 10097K, committed 10432K, reserved 1048576K
}
Event: 17.792 GC heap after
{Heap after GC invocations=27 (full 0):
 garbage-first heap   total 61440K, used 34728K [0x0000000084a00000, 0x0000000100000000)
  region size 1024K, 2 young (2048K), 2 survivors (2048K)
 Metaspace       used 74626K, committed 75328K, reserved 1179648K
  class space    used 10097K, committed 10432K, reserved 1048576K
}
Event: 24.910 GC heap before
{Heap before GC invocations=27 (full 0):
 garbage-first heap   total 61440K, used 50088K [0x0000000084a00000, 0x0000000100000000)
  region size 1024K, 17 young (17408K), 2 survivors (2048K)
 Metaspace       used 76588K, committed 77376K, reserved 1179648K
  class space    used 10346K, committed 10752K, reserved 1048576K
}
Event: 24.915 GC heap after
{Heap after GC invocations=28 (full 0):
 garbage-first heap   total 61440K, used 35959K [0x0000000084a00000, 0x0000000100000000)
  region size 1024K, 3 young (3072K), 3 survivors (3072K)
 Metaspace       used 76588K, committed 77376K, reserved 1179648K
  class space    used 10346K, committed 10752K, reserved 1048576K
}
Event: 42.631 GC heap before
{Heap before GC invocations=29 (full 0):
 garbage-first heap   total 65536K, used 48247K [0x0000000084a00000, 0x0000000100000000)
  region size 1024K, 16 young (16384K), 3 survivors (3072K)
 Metaspace       used 79204K, committed 80000K, reserved 1179648K
  class space    used 10670K, committed 11072K, reserved 1048576K
}
Event: 42.642 GC heap after
{Heap after GC invocations=30 (full 0):
 garbage-first heap   total 65536K, used 36918K [0x0000000084a00000, 0x0000000100000000)
  region size 1024K, 2 young (2048K), 2 survivors (2048K)
 Metaspace       used 79204K, committed 80000K, reserved 1179648K
  class space    used 10670K, committed 11072K, reserved 1048576K
}

